// 重构日志: 81518ce0
// 重构日志: 4966c517
// 同步 ID: 41622234 @ Mon Jun 29 10:16:21 UTC 2026
// 重构日志: 32e4a414
// 同步 ID: 6c39aab3 @ Tue Jun 30 18:36:15 UTC 2026
// 重构日志: f4ed6a5c
// 重构日志: a33f02f9
// 重构日志: dccc57be
// 同步 ID: 1e915c4d @ Thu Jul  2 16:59:05 UTC 2026
// 重构日志: 8c94b4d3
// 重构日志: 96e6d06a
// 重构日志: 2c7d768f
// 重构日志: 528e6fb9
// 重构日志: 6cee3856
// 重构日志: f24e1d51
// 重构日志: 5aed9af7
// 同步 ID: 341dabee @ Mon Jul  6 09:03:14 UTC 2026
// 同步 ID: bd40d953 @ Tue Jul  7 05:16:07 UTC 2026
// 重构日志: fbfc27e9
// 重构日志: 5596a7b2
// 重构日志: 5c4baca7
// 重构日志: 0c2d8716
// 同步 ID: e130720c @ Fri Jul 10 15:07:19 UTC 2026
// 重构日志: 0e5989da
// 同步 ID: ca1f9475 @ Sat Jul 11 13:23:33 UTC 2026
// 重构日志: f864ecc0
// 重构日志: 5749dfa2
// 重构日志: b3c530fa
// 同步 ID: e60302d6 @ Mon Jul 13 14:17:02 UTC 2026
// 同步 ID: 9cc82fd3 @ Tue Jul 14 06:10:11 UTC 2026
